<?xml version="1.0" encoding="UTF-8"?>
<!-- Generated by org.testng.reporters.JUnitXMLReporter -->
<testsuite ignored="0" hostname="DESKTOP-OHC4M62" failures="0" tests="1" name="Test" time="37.271" errors="0" timestamp="2024-05-28T10:49:50 IST">
  <testcase classname="com.ShoppersStack.GenericUtility.BaseTest" name="@AfterMethod afterMethod" time="1.128">
    <failure type="org.openqa.selenium.ElementClickInterceptedException" message="element click intercepted: Element &amp;lt;span class=&amp;quot;BaseBadge-root MuiBadge-root css-1rzb3uu&amp;quot;&amp;gt;...&amp;lt;/span&amp;gt; is not clickable at point (1448, 33). Other element would receive the click: &amp;lt;div id=&amp;quot;opn47bl&amp;quot; class=&amp;quot;Toastify__toast Toastify__toast-theme--light Toastify__toast--success&amp;quot; style=&amp;quot;--nth: 1; --len: 1;&amp;quot;&amp;gt;...&amp;lt;/div&amp;gt;
  (Session info: chrome=125.0.6422.77)
Build info: version: &amp;apos;4.20.0&amp;apos;, revision: &amp;apos;866c76ca80&amp;apos;
System info: os.name: &amp;apos;Windows 11&amp;apos;, os.arch: &amp;apos;amd64&amp;apos;, os.version: &amp;apos;10.0&amp;apos;, java.version: &amp;apos;17.0.10&amp;apos;
Driver info: org.openqa.selenium.chrome.ChromeDriver
Command: [8f48c512e73bddf81cfa12d08e9e798c, clickElement {id=f.879B0A7845C3BC3F7EE16982965A6980.d.EC55CF3F08C64D99F11052CACC20B88E.e.60}]
Capabilities {acceptInsecureCerts: false, browserName: chrome, browserVersion: 125.0.6422.77, chrome: {chromedriverVersion: 125.0.6422.78 (14db42ec38ad..., userDataDir: C:\Users\DELL\AppData\Local...}, fedcm:accounts: true, goog:chromeOptions: {debuggerAddress: localhost:60239}, networkConnectionEnabled: false, pageLoadStrategy: normal, platformName: windows, proxy: Proxy(), se:cdp: ws://localhost:60239/devtoo..., se:cdpVersion: 125.0.6422.77, setWindowRect: true, strictFileInteractability: false, timeouts: {implicit: 0, pageLoad: 300000, script: 30000}, unhandledPromptBehavior: dismiss and notify, webauthn:extension:credBlob: true, webauthn:extension:largeBlob: true, webauthn:extension:minPinLength: true, webauthn:extension:prf: true, webauthn:virtualAuthenticators: true}
Element: [[ChromeDriver: chrome on windows (8f48c512e73bddf81cfa12d08e9e798c)] -&amp;gt; xpath: (//span[contains(@class,&amp;apos;BaseBadge-root&amp;apos;)])[1]]
Session ID: 8f48c512e73bddf81cfa12d08e9e798c">
      <![CDATA[org.openqa.selenium.ElementClickInterceptedException: element click intercepted: Element <span class="BaseBadge-root MuiBadge-root css-1rzb3uu">...</span> is not clickable at point (1448, 33). Other element would receive the click: <div id="opn47bl" class="Toastify__toast Toastify__toast-theme--light Toastify__toast--success" style="--nth: 1; --len: 1;">...</div>
  (Session info: chrome=125.0.6422.77)
Build info: version: '4.20.0', revision: '866c76ca80'
System info: os.name: 'Windows 11', os.arch: 'amd64', os.version: '10.0', java.version: '17.0.10'
Driver info: org.openqa.selenium.chrome.ChromeDriver
Command: [8f48c512e73bddf81cfa12d08e9e798c, clickElement {id=f.879B0A7845C3BC3F7EE16982965A6980.d.EC55CF3F08C64D99F11052CACC20B88E.e.60}]
Capabilities {acceptInsecureCerts: false, browserName: chrome, browserVersion: 125.0.6422.77, chrome: {chromedriverVersion: 125.0.6422.78 (14db42ec38ad..., userDataDir: C:\Users\DELL\AppData\Local...}, fedcm:accounts: true, goog:chromeOptions: {debuggerAddress: localhost:60239}, networkConnectionEnabled: false, pageLoadStrategy: normal, platformName: windows, proxy: Proxy(), se:cdp: ws://localhost:60239/devtoo..., se:cdpVersion: 125.0.6422.77, setWindowRect: true, strictFileInteractability: false, timeouts: {implicit: 0, pageLoad: 300000, script: 30000}, unhandledPromptBehavior: dismiss and notify, webauthn:extension:credBlob: true, webauthn:extension:largeBlob: true, webauthn:extension:minPinLength: true, webauthn:extension:prf: true, webauthn:virtualAuthenticators: true}
Element: [[ChromeDriver: chrome on windows (8f48c512e73bddf81cfa12d08e9e798c)] -> xpath: (//span[contains(@class,'BaseBadge-root')])[1]]
Session ID: 8f48c512e73bddf81cfa12d08e9e798c
at org.openqa.selenium.remote.ErrorCodec.decode(ErrorCodec.java:167)
at org.openqa.selenium.remote.codec.w3c.W3CHttpResponseCodec.decode(W3CHttpResponseCodec.java:138)
at org.openqa.selenium.remote.codec.w3c.W3CHttpResponseCodec.decode(W3CHttpResponseCodec.java:50)
at org.openqa.selenium.remote.HttpCommandExecutor.execute(HttpCommandExecutor.java:190)
at org.openqa.selenium.remote.service.DriverCommandExecutor.invokeExecute(DriverCommandExecutor.java:216)
at org.openqa.selenium.remote.service.DriverCommandExecutor.execute(DriverCommandExecutor.java:174)
at org.openqa.selenium.remote.RemoteWebDriver.execute(RemoteWebDriver.java:518)
at org.openqa.selenium.remote.RemoteWebElement.execute(RemoteWebElement.java:223)
at org.openqa.selenium.remote.RemoteWebElement.click(RemoteWebElement.java:76)
at org.openqa.selenium.support.pagefactory.internal.LocatingElementHandler.invoke(LocatingElementHandler.java:51)
at jdk.proxy2/jdk.proxy2.$Proxy18.click(Unknown Source)
at com.ShoppersStack.GenericUtility.BaseTest.afterMethod(BaseTest.java:89)
at java.base/java.util.ArrayList.forEach(ArrayList.java:1511)
... Removed 41 stack frames]]>
    </failure>
  </testcase> <!-- @AfterMethod afterMethod -->
  <testcase classname="com.ShoppersStack.GenericUtility.BaseTest" name="@AfterClass afterClass" time="0.0">
    <skipped/>
  </testcase> <!-- @AfterClass afterClass -->
  <testcase classname="com.Shoppers_Stack_TestScripts.User_is_able_to_update_address_or_not" name="updateAddress" time="19.427"/>
</testsuite> <!-- Test -->
